[INFO] Scanning for projects...
[INFO] 
[INFO] --------------------< com.nnssp:ecommerce-backend >---------------------
[INFO] Building E-Commerce API 0.0.1-SNAPSHOT
[INFO]   from pom.xml
[INFO] --------------------------------[ jar ]---------------------------------
[INFO] 
[INFO] --- clean:3.4.1:clean (default-clean) @ ecommerce-backend ---
[INFO] Deleting C:\Users\nnssp\Desktop\Ecommerce-API\Ecommerce-API\ecommerce-backend\target
[INFO] 
[INFO] --- resources:3.3.1:resources (default-resources) @ ecommerce-backend ---
[INFO] Copying 1 resource from src\main\resources to target\classes
[INFO] Copying 0 resource from src\main\resources to target\classes
[INFO] 
[INFO] --- compiler:3.13.0:compile (default-compile) @ ecommerce-backend ---
[INFO] Recompiling the module because of changed source code.
[INFO] Compiling 32 source files with javac [debug parameters release 17] to target\classes
[INFO] -------------------------------------------------------------
[ERROR] COMPILATION ERROR : 
[INFO] -------------------------------------------------------------
[ERROR] /C:/Users/nnssp/Desktop/Ecommerce-API/Ecommerce-API/ecommerce-backend/src/main/java/com/nnssp/ecommerce_backend/util/JwtUtil.java:[59,6] reached end of file while parsing
[INFO] 1 error
[INFO] -------------------------------------------------------------
[INFO] ------------------------------------------------------------------------
[INFO] BUILD FAILURE
[INFO] ------------------------------------------------------------------------
[INFO] Total time:  2.562 s
[INFO] Finished at: 2026-01-24T20:25:31+05:30
[INFO] ------------------------------------------------------------------------
[ERROR] Failed to execute goal org.apache.maven.plugins:maven-compiler-plugin:3.13.0:compile (default-compile) on project ecommerce-backend: Compilation failure
[ERROR] /C:/Users/nnssp/Desktop/Ecommerce-API/Ecommerce-API/ecommerce-backend/src/main/java/com/nnssp/ecommerce_backend/util/JwtUtil.java:[59,6] reached end of file while parsing
[ERROR] 
[ERROR] -> [Help 1]
[ERROR] 
[ERROR] To see the full stack trace of the errors, re-run Maven with the -e switch.
[ERROR] Re-run Maven using the -X switch to enable full debug logging.
[ERROR] 
[ERROR] For more information about the errors and possible solutions, please read the following articles:
[ERROR] [Help 1] http://cwiki.apache.org/confluence/display/MAVEN/MojoFailureException
